<?xml version="1.0" encoding="UTF-8"?>
<testng-results ignored="0" total="1" passed="1" failed="0" skipped="0">
  <reporter-output>
  </reporter-output>
  <suite started-at="2022-10-28T15:00:31 IST" name="Default suite" finished-at="2022-10-28T15:00:32 IST" duration-ms="1151">
    <groups>
      <group name="cucumber">
        <method signature="AbstractTestNGCucumberTests.runScenario(io.cucumber.testng.PickleWrapper,io.cucumber.testng.FeatureWrapper)[pri:0, instance:Runner.Runner@47faa49c]" name="runScenario" class="io.cucumber.testng.AbstractTestNGCucumberTests"/>
      </group> <!-- cucumber -->
    </groups>
    <test started-at="2022-10-28T15:00:31 IST" name="Default test" finished-at="2022-10-28T15:00:32 IST" duration-ms="1151">
      <class name="Runner.Runner">
        <test-method is-config="true" signature="setUpClass()[pri:0, instance:Runner.Runner@47faa49c]" started-at="2022-10-28T15:00:31 IST" name="setUpClass" finished-at="2022-10-28T15:00:31 IST" duration-ms="664" status="PASS">
          <reporter-output>
          </reporter-output>
        </test-method> <!-- setUpClass -->
        <test-method signature="runScenario(io.cucumber.testng.PickleWrapper,io.cucumber.testng.FeatureWrapper)[pri:0, instance:Runner.Runner@47faa49c]" started-at="2022-10-28T15:00:32 IST" name="runScenario" description="Runs Cucumber Scenarios" data-provider="scenarios" finished-at="2022-10-28T15:00:32 IST" duration-ms="317" status="PASS">
          <params>
            <param index="0">
              <value>
                <![CDATA["User can give the two digits to add"]]>
              </value>
            </param>
            <param index="1">
              <value>
                <![CDATA["Optional[Calculator]"]]>
              </value>
            </param>
          </params>
          <reporter-output>
          </reporter-output>
        </test-method> <!-- runScenario -->
        <test-method is-config="true" signature="tearDownClass()[pri:0, instance:Runner.Runner@47faa49c]" started-at="2022-10-28T15:00:32 IST" name="tearDownClass" finished-at="2022-10-28T15:00:32 IST" duration-ms="94" status="PASS">
          <reporter-output>
          </reporter-output>
        </test-method> <!-- tearDownClass -->
      </class> <!-- Runner.Runner -->
    </test> <!-- Default test -->
  </suite> <!-- Default suite -->
</testng-results>
