<?xml version="1.0" encoding="UTF-8"?>
<testng-results ignored="0" total="1" passed="1" failed="0" skipped="0">
  <reporter-output>
  </reporter-output>
  <suite started-at="2022-11-03T15:52:14 IST" name="Default suite" finished-at="2022-11-03T15:52:21 IST" duration-ms="6578">
    <groups>
    </groups>
    <test started-at="2022-11-03T15:52:14 IST" name="Default test" finished-at="2022-11-03T15:52:21 IST" duration-ms="6578">
      <class name="crudOperation.PostRequestTest">
        <test-method signature="postRequestTest()[pri:0, instance:crudOperation.PostRequestTest@55536d9e]" started-at="2022-11-03T15:52:14 IST" name="postRequestTest" finished-at="2022-11-03T15:52:21 IST" duration-ms="6483" status="PASS">
          <reporter-output>
          </reporter-output>
        </test-method> <!-- postRequestTest -->
      </class> <!-- crudOperation.PostRequestTest -->
    </test> <!-- Default test -->
  </suite> <!-- Default suite -->
</testng-results>
