<?xml version="1.0" encoding="UTF-8"?>
<testng-results ignored="0" total="8" passed="8" failed="0" skipped="0">
  <reporter-output>
  </reporter-output>
  <suite started-at="2022-11-04T13:16:03 IST" name="Default suite" finished-at="2022-11-04T13:16:17 IST" duration-ms="13512">
    <groups>
      <group name="cucumber">
        <method signature="AbstractTestNGCucumberTests.runScenario(io.cucumber.testng.PickleWrapper,io.cucumber.testng.FeatureWrapper)[pri:0, instance:Runner.RunnerTest@47faa49c]" name="runScenario" class="io.cucumber.testng.AbstractTestNGCucumberTests"/>
      </group> <!-- cucumber -->
    </groups>
    <test started-at="2022-11-04T13:16:03 IST" name="Default test" finished-at="2022-11-04T13:16:17 IST" duration-ms="13512">
      <class name="Runner.RunnerTest">
        <test-method is-config="true" signature="setUpClass()[pri:0, instance:Runner.RunnerTest@47faa49c]" started-at="2022-11-04T13:16:03 IST" name="setUpClass" finished-at="2022-11-04T13:16:05 IST" duration-ms="2122" status="PASS">
          <reporter-output>
          </reporter-output>
        </test-method> <!-- setUpClass -->
        <test-method signature="runScenario(io.cucumber.testng.PickleWrapper,io.cucumber.testng.FeatureWrapper)[pri:0, instance:Runner.RunnerTest@47faa49c]" started-at="2022-11-04T13:16:05 IST" name="runScenario" description="Runs Cucumber Scenarios" data-provider="scenarios" finished-at="2022-11-04T13:16:11 IST" duration-ms="6201" status="PASS">
          <params>
            <param index="0">
              <value>
                <![CDATA["User want to delete id data from database"]]>
              </value>
            </param>
            <param index="1">
              <value>
                <![CDATA["Optional[Delete Request]"]]>
              </value>
            </param>
          </params>
          <reporter-output>
          </reporter-output>
        </test-method> <!-- runScenario -->
        <test-method signature="runScenario(io.cucumber.testng.PickleWrapper,io.cucumber.testng.FeatureWrapper)[pri:0, instance:Runner.RunnerTest@47faa49c]" started-at="2022-11-04T13:16:11 IST" name="runScenario" description="Runs Cucumber Scenarios" data-provider="scenarios" finished-at="2022-11-04T13:16:12 IST" duration-ms="599" status="PASS">
          <params>
            <param index="0">
              <value>
                <![CDATA["User want to read the data by using id from database"]]>
              </value>
            </param>
            <param index="1">
              <value>
                <![CDATA["Optional[Get By id Request]"]]>
              </value>
            </param>
          </params>
          <reporter-output>
          </reporter-output>
        </test-method> <!-- runScenario -->
        <test-method signature="runScenario(io.cucumber.testng.PickleWrapper,io.cucumber.testng.FeatureWrapper)[pri:0, instance:Runner.RunnerTest@47faa49c]" started-at="2022-11-04T13:16:12 IST" name="runScenario" description="Runs Cucumber Scenarios" data-provider="scenarios" finished-at="2022-11-04T13:16:12 IST" duration-ms="329" status="PASS">
          <params>
            <param index="0">
              <value>
                <![CDATA["User want to read the data by using name from database"]]>
              </value>
            </param>
            <param index="1">
              <value>
                <![CDATA["Optional[Get By name Request]"]]>
              </value>
            </param>
          </params>
          <reporter-output>
          </reporter-output>
        </test-method> <!-- runScenario -->
        <test-method signature="runScenario(io.cucumber.testng.PickleWrapper,io.cucumber.testng.FeatureWrapper)[pri:0, instance:Runner.RunnerTest@47faa49c]" started-at="2022-11-04T13:16:12 IST" name="runScenario" description="Runs Cucumber Scenarios" data-provider="scenarios" finished-at="2022-11-04T13:16:13 IST" duration-ms="260" status="PASS">
          <params>
            <param index="0">
              <value>
                <![CDATA["User want to read the data from database"]]>
              </value>
            </param>
            <param index="1">
              <value>
                <![CDATA["Optional[Get Request]"]]>
              </value>
            </param>
          </params>
          <reporter-output>
          </reporter-output>
        </test-method> <!-- runScenario -->
        <test-method signature="runScenario(io.cucumber.testng.PickleWrapper,io.cucumber.testng.FeatureWrapper)[pri:0, instance:Runner.RunnerTest@47faa49c]" started-at="2022-11-04T13:16:13 IST" name="runScenario" description="Runs Cucumber Scenarios" data-provider="scenarios" finished-at="2022-11-04T13:16:15 IST" duration-ms="2143" status="PASS">
          <params>
            <param index="0">
              <value>
                <![CDATA["User want to post the data into database"]]>
              </value>
            </param>
            <param index="1">
              <value>
                <![CDATA["Optional[PostRequest]"]]>
              </value>
            </param>
          </params>
          <reporter-output>
          </reporter-output>
        </test-method> <!-- runScenario -->
        <test-method signature="runScenario(io.cucumber.testng.PickleWrapper,io.cucumber.testng.FeatureWrapper)[pri:0, instance:Runner.RunnerTest@47faa49c]" started-at="2022-11-04T13:16:15 IST" name="runScenario" description="Runs Cucumber Scenarios" data-provider="scenarios" finished-at="2022-11-04T13:16:15 IST" duration-ms="167" status="PASS">
          <params>
            <param index="0">
              <value>
                <![CDATA["User want to post data into database"]]>
              </value>
            </param>
            <param index="1">
              <value>
                <![CDATA["Optional[Post Request for Orders]"]]>
              </value>
            </param>
          </params>
          <reporter-output>
          </reporter-output>
        </test-method> <!-- runScenario -->
        <test-method signature="runScenario(io.cucumber.testng.PickleWrapper,io.cucumber.testng.FeatureWrapper)[pri:0, instance:Runner.RunnerTest@47faa49c]" started-at="2022-11-04T13:16:15 IST" name="runScenario" description="Runs Cucumber Scenarios" data-provider="scenarios" finished-at="2022-11-04T13:16:16 IST" duration-ms="757" status="PASS">
          <params>
            <param index="0">
              <value>
                <![CDATA["User want to post data into Database"]]>
              </value>
            </param>
            <param index="1">
              <value>
                <![CDATA["Optional[Post Request for Owner]"]]>
              </value>
            </param>
          </params>
          <reporter-output>
          </reporter-output>
        </test-method> <!-- runScenario -->
        <test-method signature="runScenario(io.cucumber.testng.PickleWrapper,io.cucumber.testng.FeatureWrapper)[pri:0, instance:Runner.RunnerTest@47faa49c]" started-at="2022-11-04T13:16:16 IST" name="runScenario" description="Runs Cucumber Scenarios" data-provider="scenarios" finished-at="2022-11-04T13:16:16 IST" duration-ms="507" status="PASS">
          <params>
            <param index="0">
              <value>
                <![CDATA["User want to post data into Database"]]>
              </value>
            </param>
            <param index="1">
              <value>
                <![CDATA["Optional[Post Request for Staff]"]]>
              </value>
            </param>
          </params>
          <reporter-output>
          </reporter-output>
        </test-method> <!-- runScenario -->
        <test-method is-config="true" signature="tearDownClass()[pri:0, instance:Runner.RunnerTest@47faa49c]" started-at="2022-11-04T13:16:16 IST" name="tearDownClass" finished-at="2022-11-04T13:16:17 IST" duration-ms="288" status="PASS">
          <reporter-output>
          </reporter-output>
        </test-method> <!-- tearDownClass -->
      </class> <!-- Runner.RunnerTest -->
    </test> <!-- Default test -->
  </suite> <!-- Default suite -->
</testng-results>
